[10-Mar-2021 09:42:00 UTC] PHP Deprecated:  Функция wp_make_content_images_responsive с версии 5.5.0 <strong>считается устаревшей</strong>! Используйте wp_filter_content_tags(). in /home/c18551/xn-----8kcfbcq1fuaq.xn--p1ai/www/wp-includes/functions.php on line 4859
[10-Mar-2021 09:42:00 UTC] PHP Deprecated:  Функция wp_make_content_images_responsive с версии 5.5.0 <strong>считается устаревшей</strong>! Используйте wp_filter_content_tags(). in /home/c18551/xn-----8kcfbcq1fuaq.xn--p1ai/www/wp-includes/functions.php on line 4859
[10-Mar-2021 09:42:00 UTC] PHP Deprecated:  Функция wp_make_content_images_responsive с версии 5.5.0 <strong>считается устаревшей</strong>! Используйте wp_filter_content_tags(). in /home/c18551/xn-----8kcfbcq1fuaq.xn--p1ai/www/wp-includes/functions.php on line 4859
[10-Mar-2021 09:42:00 UTC] PHP Deprecated:  Функция wp_make_content_images_responsive с версии 5.5.0 <strong>считается устаревшей</strong>! Используйте wp_filter_content_tags(). in /home/c18551/xn-----8kcfbcq1fuaq.xn--p1ai/www/wp-includes/functions.php on line 4859
[10-Mar-2021 09:42:11 UTC] PHP Deprecated:  Функция wp_make_content_images_responsive с версии 5.5.0 <strong>считается устаревшей</strong>! Используйте wp_filter_content_tags(). in /home/c18551/xn-----8kcfbcq1fuaq.xn--p1ai/www/wp-includes/functions.php on line 4859
[10-Mar-2021 09:42:11 UTC] PHP Deprecated:  Функция wp_make_content_images_responsive с версии 5.5.0 <strong>считается устаревшей</strong>! Используйте wp_filter_content_tags(). in /home/c18551/xn-----8kcfbcq1fuaq.xn--p1ai/www/wp-includes/functions.php on line 4859
[10-Mar-2021 09:42:11 UTC] PHP Deprecated:  Функция wp_make_content_images_responsive с версии 5.5.0 <strong>считается устаревшей</strong>! Используйте wp_filter_content_tags(). in /home/c18551/xn-----8kcfbcq1fuaq.xn--p1ai/www/wp-includes/functions.php on line 4859
[10-Mar-2021 09:42:11 UTC] PHP Deprecated:  Функция wp_make_content_images_responsive с версии 5.5.0 <strong>считается устаревшей</strong>! Используйте wp_filter_content_tags(). in /home/c18551/xn-----8kcfbcq1fuaq.xn--p1ai/www/wp-includes/functions.php on line 4859
[10-Mar-2021 09:42:11 UTC] PHP Deprecated:  Функция wp_make_content_images_responsive с версии 5.5.0 <strong>считается устаревшей</strong>! Используйте wp_filter_content_tags(). in /home/c18551/xn-----8kcfbcq1fuaq.xn--p1ai/www/wp-includes/functions.php on line 4859
[10-Mar-2021 09:42:11 UTC] PHP Deprecated:  Функция wp_make_content_images_responsive с версии 5.5.0 <strong>считается устаревшей</strong>! Используйте wp_filter_content_tags(). in /home/c18551/xn-----8kcfbcq1fuaq.xn--p1ai/www/wp-includes/functions.php on line 4859
[10-Mar-2021 09:42:11 UTC] PHP Deprecated:  Функция wp_make_content_images_responsive с версии 5.5.0 <strong>считается устаревшей</strong>! Используйте wp_filter_content_tags(). in /home/c18551/xn-----8kcfbcq1fuaq.xn--p1ai/www/wp-includes/functions.php on line 4859
[10-Mar-2021 09:42:11 UTC] PHP Deprecated:  Функция wp_make_content_images_responsive с версии 5.5.0 <strong>считается устаревшей</strong>! Используйте wp_filter_content_tags(). in /home/c18551/xn-----8kcfbcq1fuaq.xn--p1ai/www/wp-includes/functions.php on line 4859
[10-Mar-2021 09:42:11 UTC] PHP Deprecated:  Функция wp_make_content_images_responsive с версии 5.5.0 <strong>считается устаревшей</strong>! Используйте wp_filter_content_tags(). in /home/c18551/xn-----8kcfbcq1fuaq.xn--p1ai/www/wp-includes/functions.php on line 4859
[10-Mar-2021 09:42:11 UTC] PHP Deprecated:  Функция wp_make_content_images_responsive с версии 5.5.0 <strong>считается устаревшей</strong>! Используйте wp_filter_content_tags(). in /home/c18551/xn-----8kcfbcq1fuaq.xn--p1ai/www/wp-includes/functions.php on line 4859
[10-Mar-2021 09:42:11 UTC] PHP Deprecated:  Функция wp_make_content_images_responsive с версии 5.5.0 <strong>считается устаревшей</strong>! Используйте wp_filter_content_tags(). in /home/c18551/xn-----8kcfbcq1fuaq.xn--p1ai/www/wp-includes/functions.php on line 4859
[10-Mar-2021 09:42:11 UTC] PHP Deprecated:  Функция wp_make_content_images_responsive с версии 5.5.0 <strong>считается устаревшей</strong>! Используйте wp_filter_content_tags(). in /home/c18551/xn-----8kcfbcq1fuaq.xn--p1ai/www/wp-includes/functions.php on line 4859
[10-Mar-2021 09:42:28 UTC] PHP Deprecated:  Функция wp_make_content_images_responsive с версии 5.5.0 <strong>считается устаревшей</strong>! Используйте wp_filter_content_tags(). in /home/c18551/xn-----8kcfbcq1fuaq.xn--p1ai/www/wp-includes/functions.php on line 4859
[10-Mar-2021 09:42:28 UTC] PHP Deprecated:  Функция wp_make_content_images_responsive с версии 5.5.0 <strong>считается устаревшей</strong>! Используйте wp_filter_content_tags(). in /home/c18551/xn-----8kcfbcq1fuaq.xn--p1ai/www/wp-includes/functions.php on line 4859
[10-Mar-2021 09:42:28 UTC] PHP Deprecated:  Функция wp_make_content_images_responsive с версии 5.5.0 <strong>считается устаревшей</strong>! Используйте wp_filter_content_tags(). in /home/c18551/xn-----8kcfbcq1fuaq.xn--p1ai/www/wp-includes/functions.php on line 4859
[10-Mar-2021 09:42:28 UTC] PHP Deprecated:  Функция wp_make_content_images_responsive с версии 5.5.0 <strong>считается устаревшей</strong>! Используйте wp_filter_content_tags(). in /home/c18551/xn-----8kcfbcq1fuaq.xn--p1ai/www/wp-includes/functions.php on line 4859
[10-Mar-2021 09:42:29 UTC] PHP Deprecated:  Функция wp_make_content_images_responsive с версии 5.5.0 <strong>считается устаревшей</strong>! Используйте wp_filter_content_tags(). in /home/c18551/xn-----8kcfbcq1fuaq.xn--p1ai/www/wp-includes/functions.php on line 4859
[10-Mar-2021 09:42:29 UTC] PHP Deprecated:  Функция wp_make_content_images_responsive с версии 5.5.0 <strong>считается устаревшей</strong>! Используйте wp_filter_content_tags(). in /home/c18551/xn-----8kcfbcq1fuaq.xn--p1ai/www/wp-includes/functions.php on line 4859
[10-Mar-2021 09:42:31 UTC] PHP Deprecated:  Функция wp_make_content_images_responsive с версии 5.5.0 <strong>считается устаревшей</strong>! Используйте wp_filter_content_tags(). in /home/c18551/xn-----8kcfbcq1fuaq.xn--p1ai/www/wp-includes/functions.php on line 4859
[10-Mar-2021 09:42:31 UTC] PHP Deprecated:  Функция wp_make_content_images_responsive с версии 5.5.0 <strong>считается устаревшей</strong>! Используйте wp_filter_content_tags(). in /home/c18551/xn-----8kcfbcq1fuaq.xn--p1ai/www/wp-includes/functions.php on line 4859
[10-Mar-2021 09:42:31 UTC] PHP Deprecated:  Функция wp_make_content_images_responsive с версии 5.5.0 <strong>считается устаревшей</strong>! Используйте wp_filter_content_tags(). in /home/c18551/xn-----8kcfbcq1fuaq.xn--p1ai/www/wp-includes/functions.php on line 4859
[10-Mar-2021 09:42:31 UTC] PHP Deprecated:  Функция wp_make_content_images_responsive с версии 5.5.0 <strong>считается устаревшей</strong>! Используйте wp_filter_content_tags(). in /home/c18551/xn-----8kcfbcq1fuaq.xn--p1ai/www/wp-includes/functions.php on line 4859
[10-Mar-2021 09:42:31 UTC] PHP Deprecated:  Функция wp_make_content_images_responsive с версии 5.5.0 <strong>считается устаревшей</strong>! Используйте wp_filter_content_tags(). in /home/c18551/xn-----8kcfbcq1fuaq.xn--p1ai/www/wp-includes/functions.php on line 4859
[24-Aug-2021 13:55:57 UTC] id was called incorrectly. Order properties should not be accessed directly. Backtrace: do_action('wp_ajax_get_customer_orders_by_date'), WP_Hook->do_action, WP_Hook->apply_filters, get_customer_orders_by_date, WC_Abstract_Legacy_Order->__get, wc_doing_it_wrong. This message was added in version 3.0.
[24-Aug-2021 13:55:57 UTC] PHP Fatal error:  Uncaught Error: Cannot access protected property WC_Order_Item_Product::$id in /home/c18551/xn-----8kcfbcq1fuaq.xn--p1ai/www/wp-content/themes/sof_theme/includes/custom-functions.php:1581
Stack trace:
#0 /home/c18551/xn-----8kcfbcq1fuaq.xn--p1ai/www/wp-includes/class-wp-hook.php(287): get_customer_orders_by_date('')
#1 /home/c18551/xn-----8kcfbcq1fuaq.xn--p1ai/www/wp-includes/class-wp-hook.php(311): WP_Hook->apply_filters('', Array)
#2 /home/c18551/xn-----8kcfbcq1fuaq.xn--p1ai/www/wp-includes/plugin.php(484): WP_Hook->do_action(Array)
#3 /home/c18551/xn-----8kcfbcq1fuaq.xn--p1ai/www/wp-admin/admin-ajax.php(184): do_action('wp_ajax_get_cus...')
#4 {main}
  thrown in /home/c18551/xn-----8kcfbcq1fuaq.xn--p1ai/www/wp-content/themes/sof_theme/includes/custom-functions.php on line 1581
